* [12/Apr/2021:23:53:00 +0000] GET /super/users HTTP/1.1 http://localhost:3000/
* [12/Apr/2021:23:53:16 +0000] GET /super/users HTTP/1.1 http://localhost:3000/
* [12/Apr/2021:23:53:17 +0000] GET /super/logs HTTP/1.1 http://localhost:3000/
* [12/Apr/2021:23:53:30 +0000] GET /super/logs HTTP/1.1 http://localhost:3000/
* [12/Apr/2021:23:53:32 +0000] GET /super/users HTTP/1.1 http://localhost:3000/
* [12/Apr/2021:23:53:33 +0000] GET /super/logs HTTP/1.1 http://localhost:3000/
* [12/Apr/2021:23:54:07 +0000] GET /super/logs HTTP/1.1 http://localhost:3000/
* [12/Apr/2021:23:55:33 +0000] GET /super/logs HTTP/1.1 http://localhost:3000/
* [12/Apr/2021:23:55:36 +0000] GET /super/users HTTP/1.1 http://localhost:3000/
* [12/Apr/2021:23:55:41 +0000] GET /super/logs HTTP/1.1 http://localhost:3000/
* [12/Apr/2021:23:58:34 +0000] GET /super/logs HTTP/1.1 http://localhost:3000/
* [12/Apr/2021:23:58:44 +0000] GET /super/logs HTTP/1.1 http://localhost:3000/
* [12/Apr/2021:23:58:45 +0000] GET /super/logs HTTP/1.1 http://localhost:3000/
* [12/Apr/2021:23:58:50 +0000] POST /auth/login HTTP/1.1 http://localhost:3000/
* [12/Apr/2021:23:58:51 +0000] GET /super/logs HTTP/1.1 http://localhost:3000/
* [12/Apr/2021:23:59:12 +0000] GET /super/users HTTP/1.1 http://localhost:3000/
* [12/Apr/2021:23:59:12 +0000] GET /super/logs HTTP/1.1 http://localhost:3000/
* [12/Apr/2021:23:59:20 +0000] GET /super/users HTTP/1.1 http://localhost:3000/
* [12/Apr/2021:23:59:21 +0000] PUT /super/users HTTP/1.1 http://localhost:3000/
* [12/Apr/2021:23:59:22 +0000] GET /super/users HTTP/1.1 http://localhost:3000/
* [12/Apr/2021:23:59:23 +0000] PUT /super/users HTTP/1.1 http://localhost:3000/
* [12/Apr/2021:23:59:24 +0000] GET /super/users HTTP/1.1 http://localhost:3000/
* [12/Apr/2021:23:59:25 +0000] GET /super/logs HTTP/1.1 http://localhost:3000/
* [12/Apr/2021:23:59:44 +0000] GET /super/users HTTP/1.1 http://localhost:3000/
* [13/Apr/2021:00:01:00 +0000] GET /super/logs HTTP/1.1 http://localhost:3000/
* [13/Apr/2021:00:01:13 +0000] GET /super/users HTTP/1.1 http://localhost:3000/
* [13/Apr/2021:00:20:57 +0000] POST /auth/login HTTP/1.1 http://localhost:3000/
* [13/Apr/2021:00:25:59 +0000] POST /reviews/6070fba9132e0e9bf707417e HTTP/1.1 http://localhost:3000/
* [13/Apr/2021:00:27:35 +0000] GET /super/users HTTP/1.1 http://localhost:3000/
* [13/Apr/2021:00:28:35 +0000] POST /reviews/6070fba9132e0e9bf707417e HTTP/1.1 http://localhost:3000/
* [13/Apr/2021:00:28:59 +0000] POST /reviews/6070fba9132e0e9bf707417e HTTP/1.1 http://localhost:3000/
* [13/Apr/2021:00:43:55 +0000] POST /auth/login HTTP/1.1 http://localhost:3000/
* [13/Apr/2021:00:46:26 +0000] POST /reviews/6070fba9132e0e9bf707417e HTTP/1.1 http://localhost:3000/
* [13/Apr/2021:00:47:45 +0000] POST /reviews/6070fba9132e0e9bf707417e HTTP/1.1 http://localhost:3000/
* [13/Apr/2021:00:48:02 +0000] POST /reviews/6070fba9132e0e9bf707417e HTTP/1.1 http://localhost:3000/
* [13/Apr/2021:00:54:11 +0000] POST /reviews/6070fba9132e0e9bf707417e HTTP/1.1 http://localhost:3000/
* [13/Apr/2021:00:56:48 +0000] POST /reviews/6070fba9132e0e9bf707417e HTTP/1.1 http://localhost:3000/
* [13/Apr/2021:01:19:37 +0000] POST /reviews/6070fba9132e0e9bf707417e HTTP/1.1 http://localhost:3000/
* [13/Apr/2021:01:20:34 +0000] POST /reviews/6070fba9132e0e9bf707417e HTTP/1.1 http://localhost:3000/
* [13/Apr/2021:01:28:24 +0000] POST /reviews/6070fba9132e0e9bf707417e HTTP/1.1 http://localhost:3000/
* [13/Apr/2021:01:30:55 +0000] POST /reviews/6070fba9132e0e9bf707417e HTTP/1.1 http://localhost:3000/
* [13/Apr/2021:01:32:47 +0000] POST /reviews/6070fba9132e0e9bf707417e HTTP/1.1 http://localhost:3000/
* [13/Apr/2021:01:34:50 +0000] POST /reviews/6070fba9132e0e9bf707417e HTTP/1.1 http://localhost:3000/
* [13/Apr/2021:01:35:06 +0000] POST /reviews/6070fba9132e0e9bf707417e HTTP/1.1 http://localhost:3000/
* [13/Apr/2021:01:37:54 +0000] POST /reviews/6070fba9132e0e9bf707417e HTTP/1.1 http://localhost:3000/
* [13/Apr/2021:01:39:09 +0000] POST /reviews/6070fba9132e0e9bf707417e HTTP/1.1 http://localhost:3000/
* [13/Apr/2021:01:42:07 +0000] POST /reviews/6070fba9132e0e9bf707417e HTTP/1.1 http://localhost:3000/
* [13/Apr/2021:01:42:18 +0000] POST /reviews/6070fba9132e0e9bf707417e HTTP/1.1 http://localhost:3000/
* [13/Apr/2021:01:43:26 +0000] POST /reviews/6070fba9132e0e9bf707417e HTTP/1.1 http://localhost:3000/
* [13/Apr/2021:01:43:52 +0000] POST /reviews/6070fba9132e0e9bf707417e HTTP/1.1 http://localhost:3000/
* [13/Apr/2021:01:44:06 +0000] POST /reviews/6070fba9132e0e9bf707417e HTTP/1.1 http://localhost:3000/
* [13/Apr/2021:01:44:10 +0000] POST /reviews/6070fba9132e0e9bf707417e HTTP/1.1 http://localhost:3000/
* [13/Apr/2021:02:41:33 +0000] POST /auth/login HTTP/1.1 http://localhost:3000/
* [13/Apr/2021:02:41:34 +0000] GET /super/users HTTP/1.1 http://localhost:3000/
* [13/Apr/2021:02:41:42 +0000] GET /super/logs HTTP/1.1 http://localhost:3000/
* [13/Apr/2021:02:54:43 +0000] POST /auth/login HTTP/1.1 http://localhost:3000/
* [13/Apr/2021:02:56:55 +0000] POST /auth/login HTTP/1.1 http://localhost:3000/
* [13/Apr/2021:02:58:55 +0000] POST /auth/login HTTP/1.1 http://localhost:3000/
* [13/Apr/2021:03:01:59 +0000] POST /auth/login HTTP/1.1 http://localhost:3000/
* [13/Apr/2021:03:12:46 +0000] POST /auth/login HTTP/1.1 http://localhost:3000/
* [13/Apr/2021:14:15:22 +0000] GET /super/users HTTP/1.1 http://localhost:3000/
* [13/Apr/2021:14:17:25 +0000] POST /auth/login HTTP/1.1 http://localhost:3000/
* [13/Apr/2021:14:34:10 +0000] POST /auth/login HTTP/1.1 http://localhost:3000/
* [13/Apr/2021:14:54:12 +0000] GET /products?reputation=direction HTTP/1.1 http://localhost:3000/
* [13/Apr/2021:14:54:54 +0000] GET /products?reputation=direction HTTP/1.1 http://localhost:3000/
* [13/Apr/2021:14:55:15 +0000] GET /products?reputation=direction HTTP/1.1 http://localhost:3000/
* [13/Apr/2021:14:55:47 +0000] GET /products?reputation=asc HTTP/1.1 http://localhost:3000/
* [13/Apr/2021:14:55:56 +0000] GET /products?reputation=desc HTTP/1.1 http://localhost:3000/
* [13/Apr/2021:14:56:48 +0000] GET /products?reputation=asc HTTP/1.1 http://localhost:3000/
* [13/Apr/2021:14:57:18 +0000] GET /products?reputation=desc HTTP/1.1 http://localhost:3000/
* [13/Apr/2021:14:57:26 +0000] GET /products?reputation=asc HTTP/1.1 http://localhost:3000/
* [13/Apr/2021:14:59:54 +0000] POST /reviews/undefined HTTP/1.1 http://localhost:3000/
* [13/Apr/2021:15:01:40 +0000] POST /reviews/undefined HTTP/1.1 http://localhost:3000/
* [13/Apr/2021:16:48:52 +0000] POST /auth/login HTTP/1.1 http://localhost:3000/
* [13/Apr/2021:16:48:55 +0000] GET /products HTTP/1.1 http://localhost:3000/
* [13/Apr/2021:16:53:13 +0000] POST /auth/login HTTP/1.1 http://localhost:3000/
* [13/Apr/2021:16:53:14 +0000] GET /products HTTP/1.1 http://localhost:3000/
* [13/Apr/2021:16:54:39 +0000] POST /auth/login HTTP/1.1 http://localhost:3000/
* [13/Apr/2021:16:54:40 +0000] GET /products HTTP/1.1 http://localhost:3000/
* [13/Apr/2021:16:55:24 +0000] POST /auth/login HTTP/1.1 http://localhost:3000/
* [13/Apr/2021:16:55:25 +0000] GET /products HTTP/1.1 http://localhost:3000/
* [13/Apr/2021:16:56:25 +0000] POST /auth/login HTTP/1.1 http://localhost:3000/
* [13/Apr/2021:16:56:26 +0000] GET /products HTTP/1.1 http://localhost:3000/
* [13/Apr/2021:16:56:43 +0000] POST /auth/login HTTP/1.1 http://localhost:3000/
* [13/Apr/2021:16:57:16 +0000] GET /products HTTP/1.1 http://localhost:3000/
* [13/Apr/2021:17:13:28 +0000] POST /auth/login HTTP/1.1 http://localhost:3000/
* [13/Apr/2021:17:13:29 +0000] GET /products HTTP/1.1 http://localhost:3000/
* [13/Apr/2021:17:13:30 +0000] GET /products/60727b77b48eaebc98f2d420 HTTP/1.1 http://localhost:3000/
* [13/Apr/2021:17:13:41 +0000] GET /products/60727b77b48eaebc98f2d420 HTTP/1.1 http://localhost:3000/
* [13/Apr/2021:17:13:47 +0000] GET /products HTTP/1.1 http://localhost:3000/
* [13/Apr/2021:17:15:26 +0000] GET /products/6071057a8faf0d160a48cdcd HTTP/1.1 http://localhost:3000/
* [13/Apr/2021:17:16:37 +0000] POST /auth/login HTTP/1.1 http://localhost:3000/
* [13/Apr/2021:17:16:37 +0000] POST /auth/login HTTP/1.1 http://localhost:3000/
* [13/Apr/2021:17:16:40 +0000] GET /products HTTP/1.1 http://localhost:3000/
* [13/Apr/2021:17:16:54 +0000] GET /products/60727b77b48eaebc98f2d420 HTTP/1.1 http://localhost:3000/
* [13/Apr/2021:17:17:56 +0000] GET /products HTTP/1.1 http://localhost:3000/
* [13/Apr/2021:17:17:58 +0000] GET /products/6071057a8faf0d160a48cdcd HTTP/1.1 http://localhost:3000/
* [13/Apr/2021:17:18:16 +0000] GET /products/6071057a8faf0d160a48cdcd HTTP/1.1 http://localhost:3000/
* [13/Apr/2021:17:18:30 +0000] GET /products/6071057a8faf0d160a48cdcd HTTP/1.1 http://localhost:3000/
* [13/Apr/2021:17:18:38 +0000] GET /products/6071057a8faf0d160a48cdcd HTTP/1.1 http://localhost:3000/
* [13/Apr/2021:17:18:43 +0000] GET /products HTTP/1.1 http://localhost:3000/
* [13/Apr/2021:17:19:04 +0000] GET /products/60727b77b48eaebc98f2d420 HTTP/1.1 http://localhost:3000/
* [13/Apr/2021:17:19:21 +0000] GET /products HTTP/1.1 http://localhost:3000/
* [13/Apr/2021:17:19:25 +0000] GET /products/60727b77b48eaebc98f2d420 HTTP/1.1 http://localhost:3000/
* [13/Apr/2021:17:19:32 +0000] GET /products HTTP/1.1 http://localhost:3000/
* [13/Apr/2021:17:20:47 +0000] GET /products/60727b77b48eaebc98f2d420 HTTP/1.1 http://localhost:3000/
* [13/Apr/2021:17:20:49 +0000] GET /products HTTP/1.1 http://localhost:3000/
* [13/Apr/2021:17:21:12 +0000] GET /products/6071057a8faf0d160a48cdcd HTTP/1.1 http://localhost:3000/
* [13/Apr/2021:17:21:34 +0000] POST /auth/login HTTP/1.1 http://localhost:3000/
* [13/Apr/2021:17:21:35 +0000] GET /products HTTP/1.1 http://localhost:3000/
* [13/Apr/2021:17:22:03 +0000] GET /products/60727b77b48eaebc98f2d420 HTTP/1.1 http://localhost:3000/
* [13/Apr/2021:17:22:46 +0000] POST /auth/login HTTP/1.1 http://localhost:3000/
* [13/Apr/2021:17:22:47 +0000] GET /products HTTP/1.1 http://localhost:3000/
* [13/Apr/2021:17:22:51 +0000] GET /products/60727b77b48eaebc98f2d420 HTTP/1.1 http://localhost:3000/
* [13/Apr/2021:17:24:10 +0000] POST /auth/login HTTP/1.1 http://localhost:3000/
* [13/Apr/2021:17:24:12 +0000] GET /products HTTP/1.1 http://localhost:3000/
* [13/Apr/2021:17:24:15 +0000] GET /products/60727b77b48eaebc98f2d420 HTTP/1.1 http://localhost:3000/
* [13/Apr/2021:17:30:58 +0000] POST /auth/login HTTP/1.1 http://localhost:3000/
* [13/Apr/2021:17:30:59 +0000] GET /products HTTP/1.1 http://localhost:3000/
* [13/Apr/2021:17:31:03 +0000] GET /products/60727b77b48eaebc98f2d420 HTTP/1.1 http://localhost:3000/
* [13/Apr/2021:17:31:51 +0000] POST /auth/login HTTP/1.1 http://localhost:3000/
* [13/Apr/2021:17:31:52 +0000] GET /products HTTP/1.1 http://localhost:3000/
* [13/Apr/2021:17:31:55 +0000] GET /products/60727b77b48eaebc98f2d420 HTTP/1.1 http://localhost:3000/
* [13/Apr/2021:17:32:47 +0000] POST /auth/login HTTP/1.1 http://localhost:3000/
* [13/Apr/2021:17:32:48 +0000] GET /products HTTP/1.1 http://localhost:3000/
* [13/Apr/2021:17:32:51 +0000] GET /products/607490fdb2f1f81d719eb9f7 HTTP/1.1 http://localhost:3000/
* [13/Apr/2021:17:33:23 +0000] POST /reviews/undefined HTTP/1.1 http://localhost:3000/
* [13/Apr/2021:17:33:30 +0000] GET /products HTTP/1.1 http://localhost:3000/
* [13/Apr/2021:17:33:34 +0000] GET /products/607490fdb2f1f81d719eb9f7 HTTP/1.1 http://localhost:3000/
* [13/Apr/2021:17:34:05 +0000] POST /auth/login HTTP/1.1 http://localhost:3000/
* [13/Apr/2021:17:34:06 +0000] GET /products HTTP/1.1 http://localhost:3000/
* [13/Apr/2021:17:34:08 +0000] GET /products/607490fdb2f1f81d719eb9f7 HTTP/1.1 http://localhost:3000/
* [13/Apr/2021:17:34:20 +0000] GET /products/607490fdb2f1f81d719eb9f7 HTTP/1.1 http://localhost:3000/
* [13/Apr/2021:17:34:23 +0000] GET /products/607490fdb2f1f81d719eb9f7 HTTP/1.1 http://localhost:3000/
* [13/Apr/2021:17:34:35 +0000] GET /products/607490fdb2f1f81d719eb9f7 HTTP/1.1 http://localhost:3000/
* [13/Apr/2021:17:35:01 +0000] GET /products/607490fdb2f1f81d719eb9f7 HTTP/1.1 http://localhost:3000/
* [13/Apr/2021:17:35:20 +0000] GET /products/607490fdb2f1f81d719eb9f7 HTTP/1.1 http://localhost:3000/
* [13/Apr/2021:17:36:34 +0000] POST /reviews/undefined HTTP/1.1 http://localhost:3000/
* [13/Apr/2021:17:37:22 +0000] POST /reviews/607490fdb2f1f81d719eb9f7 HTTP/1.1 http://localhost:3000/
* [13/Apr/2021:17:37:28 +0000] GET /products HTTP/1.1 http://localhost:3000/
* [13/Apr/2021:17:37:30 +0000] GET /products/607490fdb2f1f81d719eb9f7 HTTP/1.1 http://localhost:3000/
* [13/Apr/2021:17:38:26 +0000] GET /products/607490fdb2f1f81d719eb9f7 HTTP/1.1 http://localhost:3000/
* [13/Apr/2021:17:38:34 +0000] POST /auth/login HTTP/1.1 http://localhost:3000/
* [13/Apr/2021:17:38:35 +0000] GET /products HTTP/1.1 http://localhost:3000/
* [13/Apr/2021:17:38:36 +0000] GET /products/607490fdb2f1f81d719eb9f7 HTTP/1.1 http://localhost:3000/
* [13/Apr/2021:17:39:16 +0000] POST /reviews/607490fdb2f1f81d719eb9f7 HTTP/1.1 http://localhost:3000/
* [13/Apr/2021:17:40:17 +0000] POST /reviews/607490fdb2f1f81d719eb9f7 HTTP/1.1 http://localhost:3000/
* [13/Apr/2021:17:40:38 +0000] POST /reviews/607490fdb2f1f81d719eb9f7 HTTP/1.1 http://localhost:3000/
* [13/Apr/2021:17:41:07 +0000] POST /reviews/607490fdb2f1f81d719eb9f7 HTTP/1.1 http://localhost:3000/
* [13/Apr/2021:17:41:09 +0000] GET /products/607490fdb2f1f81d719eb9f7 HTTP/1.1 http://localhost:3000/
* [13/Apr/2021:17:41:59 +0000] GET /products/607490fdb2f1f81d719eb9f7 HTTP/1.1 http://localhost:3000/
* [13/Apr/2021:17:42:19 +0000] GET /products/607490fdb2f1f81d719eb9f7 HTTP/1.1 http://localhost:3000/
* [13/Apr/2021:17:42:28 +0000] GET /products/607490fdb2f1f81d719eb9f7 HTTP/1.1 http://localhost:3000/
* [13/Apr/2021:17:42:59 +0000] GET /products/607490fdb2f1f81d719eb9f7 HTTP/1.1 http://localhost:3000/
* [13/Apr/2021:17:43:42 +0000] GET /products/607490fdb2f1f81d719eb9f7 HTTP/1.1 http://localhost:3000/
* [13/Apr/2021:17:43:48 +0000] GET /products/607490fdb2f1f81d719eb9f7 HTTP/1.1 http://localhost:3000/
* [13/Apr/2021:17:44:59 +0000] GET /products/607490fdb2f1f81d719eb9f7 HTTP/1.1 http://localhost:3000/
* [13/Apr/2021:17:45:59 +0000] GET /products/607490fdb2f1f81d719eb9f7 HTTP/1.1 http://localhost:3000/
* [13/Apr/2021:17:46:12 +0000] GET /products/607490fdb2f1f81d719eb9f7 HTTP/1.1 http://localhost:3000/
* [13/Apr/2021:17:46:34 +0000] POST /reviews/607490fdb2f1f81d719eb9f7 HTTP/1.1 http://localhost:3000/
* [13/Apr/2021:17:46:35 +0000] GET /products/607490fdb2f1f81d719eb9f7 HTTP/1.1 http://localhost:3000/
* [13/Apr/2021:17:46:54 +0000] POST /reviews/607490fdb2f1f81d719eb9f7 HTTP/1.1 http://localhost:3000/
* [13/Apr/2021:17:46:55 +0000] GET /products/607490fdb2f1f81d719eb9f7 HTTP/1.1 http://localhost:3000/
* [13/Apr/2021:17:47:53 +0000] GET /products/607490fdb2f1f81d719eb9f7 HTTP/1.1 http://localhost:3000/
* [13/Apr/2021:17:47:55 +0000] GET /products/607490fdb2f1f81d719eb9f7 HTTP/1.1 http://localhost:3000/
* [13/Apr/2021:17:47:57 +0000] GET /products/607490fdb2f1f81d719eb9f7 HTTP/1.1 http://localhost:3000/
* [13/Apr/2021:17:48:02 +0000] GET /products/607490fdb2f1f81d719eb9f7 HTTP/1.1 http://localhost:3000/
* [13/Apr/2021:17:48:04 +0000] GET /products/607490fdb2f1f81d719eb9f7 HTTP/1.1 http://localhost:3000/
* [13/Apr/2021:17:48:10 +0000] GET /products/607490fdb2f1f81d719eb9f7 HTTP/1.1 http://localhost:3000/
* [13/Apr/2021:17:48:31 +0000] GET /products HTTP/1.1 http://localhost:3000/
* [13/Apr/2021:17:48:32 +0000] GET /products/6071057a8faf0d160a48cdcd HTTP/1.1 http://localhost:3000/
* [13/Apr/2021:17:48:36 +0000] GET /products HTTP/1.1 http://localhost:3000/
* [13/Apr/2021:17:48:38 +0000] GET /products/607490fdb2f1f81d719eb9f7 HTTP/1.1 http://localhost:3000/
* [13/Apr/2021:17:48:56 +0000] POST /reviews/607490fdb2f1f81d719eb9f7 HTTP/1.1 http://localhost:3000/
* [13/Apr/2021:17:48:57 +0000] GET /products/607490fdb2f1f81d719eb9f7 HTTP/1.1 http://localhost:3000/
* [13/Apr/2021:17:49:45 +0000] GET /products/607490fdb2f1f81d719eb9f7 HTTP/1.1 http://localhost:3000/
* [13/Apr/2021:17:50:42 +0000] GET /products/607490fdb2f1f81d719eb9f7 HTTP/1.1 http://localhost:3000/
* [13/Apr/2021:17:54:32 +0000] GET /products HTTP/1.1 http://localhost:3000/
* [13/Apr/2021:17:54:34 +0000] GET /products/607490fdb2f1f81d719eb9f7 HTTP/1.1 http://localhost:3000/
* [13/Apr/2021:17:54:36 +0000] GET /products HTTP/1.1 http://localhost:3000/
* [13/Apr/2021:17:54:38 +0000] GET /products/60748fed1a912e1d5d8e0fff HTTP/1.1 http://localhost:3000/
* [13/Apr/2021:17:55:26 +0000] GET /products/60748fed1a912e1d5d8e0fff HTTP/1.1 http://localhost:3000/
* [13/Apr/2021:17:55:30 +0000] GET /products HTTP/1.1 http://localhost:3000/
* [13/Apr/2021:17:55:31 +0000] GET /products/6070fba9132e0e9bf707417e HTTP/1.1 http://localhost:3000/
* [13/Apr/2021:17:55:53 +0000] GET /products/6070fba9132e0e9bf707417e HTTP/1.1 http://localhost:3000/
* [13/Apr/2021:17:55:58 +0000] GET /products HTTP/1.1 http://localhost:3000/
* [13/Apr/2021:17:55:59 +0000] GET /products/6070fba9132e0e9bf707417e HTTP/1.1 http://localhost:3000/
* [13/Apr/2021:17:56:00 +0000] GET /products HTTP/1.1 http://localhost:3000/
* [13/Apr/2021:17:56:01 +0000] GET /products/6071057a8faf0d160a48cdcd HTTP/1.1 http://localhost:3000/
* [13/Apr/2021:17:56:04 +0000] GET /products HTTP/1.1 http://localhost:3000/
* [13/Apr/2021:17:56:05 +0000] GET /products/60748fed1a912e1d5d8e0fff HTTP/1.1 http://localhost:3000/
* [13/Apr/2021:17:56:31 +0000] POST /reviews/60748fed1a912e1d5d8e0fff HTTP/1.1 http://localhost:3000/
* [13/Apr/2021:17:56:33 +0000] GET /products/60748fed1a912e1d5d8e0fff HTTP/1.1 http://localhost:3000/
* [13/Apr/2021:17:56:38 +0000] GET /products HTTP/1.1 http://localhost:3000/
* [13/Apr/2021:17:56:40 +0000] GET /products/607490fdb2f1f81d719eb9f7 HTTP/1.1 http://localhost:3000/
* [13/Apr/2021:17:58:18 +0000] GET /super/users HTTP/1.1 http://localhost:3000/
* [13/Apr/2021:17:58:20 +0000] GET /products HTTP/1.1 http://localhost:3000/
* [13/Apr/2021:17:58:22 +0000] GET /products/6071057a8faf0d160a48cdcd HTTP/1.1 http://localhost:3000/
* [13/Apr/2021:17:58:26 +0000] GET /products HTTP/1.1 http://localhost:3000/
* [13/Apr/2021:17:58:28 +0000] GET /products/60748fed1a912e1d5d8e0fff HTTP/1.1 http://localhost:3000/
* [13/Apr/2021:17:58:33 +0000] GET /products HTTP/1.1 http://localhost:3000/
* [13/Apr/2021:17:58:52 +0000] GET /products/6071057a8faf0d160a48cdcd HTTP/1.1 http://localhost:3000/
* [13/Apr/2021:17:59:04 +0000] GET /products HTTP/1.1 http://localhost:3000/
* [13/Apr/2021:17:59:06 +0000] GET /products?reputation=asc HTTP/1.1 http://localhost:3000/
* [13/Apr/2021:17:59:07 +0000] GET /products?reputation=desc HTTP/1.1 http://localhost:3000/
* [13/Apr/2021:17:59:08 +0000] GET /products?reputation=asc HTTP/1.1 http://localhost:3000/
* [13/Apr/2021:17:59:08 +0000] GET /products?reputation=desc HTTP/1.1 http://localhost:3000/
* [13/Apr/2021:17:59:09 +0000] GET /products?reputation=asc HTTP/1.1 http://localhost:3000/
* [13/Apr/2021:17:59:09 +0000] GET /products?reputation=desc HTTP/1.1 http://localhost:3000/
* [13/Apr/2021:17:59:15 +0000] GET /products HTTP/1.1 http://localhost:3000/
* [13/Apr/2021:17:59:52 +0000] GET /products/6070fba9132e0e9bf707417e HTTP/1.1 http://localhost:3000/
* [13/Apr/2021:17:59:58 +0000] GET /products HTTP/1.1 http://localhost:3000/
* [13/Apr/2021:18:00:56 +0000] POST /auth/login HTTP/1.1 http://localhost:3000/
* [13/Apr/2021:18:00:57 +0000] GET /products HTTP/1.1 http://localhost:3000/
* [13/Apr/2021:18:01:37 +0000] GET /products HTTP/1.1 http://localhost:3000/
* [13/Apr/2021:18:01:43 +0000] GET /products HTTP/1.1 http://localhost:3000/
* [13/Apr/2021:18:02:18 +0000] GET /products/6071057a8faf0d160a48cdcd HTTP/1.1 http://localhost:3000/
* [13/Apr/2021:18:05:00 +0000] GET /products HTTP/1.1 http://localhost:3000/
* [13/Apr/2021:18:05:12 +0000] GET /products HTTP/1.1 http://localhost:3000/
* [13/Apr/2021:18:05:15 +0000] GET /products HTTP/1.1 http://localhost:3000/
* [13/Apr/2021:18:05:18 +0000] GET /products HTTP/1.1 http://localhost:3000/
* [13/Apr/2021:18:05:25 +0000] GET /products/607490fdb2f1f81d719eb9f7 HTTP/1.1 http://localhost:3000/
* [13/Apr/2021:18:07:18 +0000] GET /products/607490fdb2f1f81d719eb9f7 HTTP/1.1 http://localhost:3000/
* [13/Apr/2021:18:07:37 +0000] GET /products/607490fdb2f1f81d719eb9f7 HTTP/1.1 http://localhost:3000/
* [13/Apr/2021:18:07:39 +0000] GET /products/607490fdb2f1f81d719eb9f7 HTTP/1.1 http://localhost:3000/
* [13/Apr/2021:18:07:42 +0000] GET /products/607490fdb2f1f81d719eb9f7 HTTP/1.1 http://localhost:3000/
* [13/Apr/2021:18:07:44 +0000] GET /products/607490fdb2f1f81d719eb9f7 HTTP/1.1 http://localhost:3000/
* [13/Apr/2021:18:07:54 +0000] GET /products/607490fdb2f1f81d719eb9f7 HTTP/1.1 http://localhost:3000/
* [13/Apr/2021:18:08:02 +0000] GET /products/607490fdb2f1f81d719eb9f7 HTTP/1.1 http://localhost:3000/
* [13/Apr/2021:18:08:06 +0000] GET /products HTTP/1.1 http://localhost:3000/
* [13/Apr/2021:18:09:14 +0000] GET /products HTTP/1.1 http://localhost:3000/
* [13/Apr/2021:18:09:18 +0000] GET /products HTTP/1.1 http://localhost:3000/
* [13/Apr/2021:18:09:21 +0000] GET /products/607490fdb2f1f81d719eb9f7 HTTP/1.1 http://localhost:3000/
* [13/Apr/2021:18:09:31 +0000] GET /products/607490fdb2f1f81d719eb9f7 HTTP/1.1 http://localhost:3000/
* [13/Apr/2021:18:09:36 +0000] GET /products/607490fdb2f1f81d719eb9f7 HTTP/1.1 http://localhost:3000/
* [13/Apr/2021:18:09:40 +0000] GET /products/607490fdb2f1f81d719eb9f7 HTTP/1.1 http://localhost:3000/
* [13/Apr/2021:18:09:50 +0000] GET /products/607490fdb2f1f81d719eb9f7 HTTP/1.1 http://localhost:3000/
* [13/Apr/2021:18:09:52 +0000] GET /products/607490fdb2f1f81d719eb9f7 HTTP/1.1 http://localhost:3000/
* [13/Apr/2021:18:11:15 +0000] GET /products/607490fdb2f1f81d719eb9f7 HTTP/1.1 http://localhost:3000/
* [13/Apr/2021:18:11:27 +0000] GET /products/607490fdb2f1f81d719eb9f7 HTTP/1.1 http://localhost:3000/
* [13/Apr/2021:18:12:57 +0000] GET /products/607490fdb2f1f81d719eb9f7 HTTP/1.1 http://localhost:3000/
* [13/Apr/2021:18:12:57 +0000] GET /products/607490fdb2f1f81d719eb9f7 HTTP/1.1 http://localhost:3000/
* [13/Apr/2021:18:13:13 +0000] GET /products/607490fdb2f1f81d719eb9f7 HTTP/1.1 http://localhost:3000/
* [13/Apr/2021:18:13:28 +0000] GET /products/607490fdb2f1f81d719eb9f7 HTTP/1.1 http://localhost:3000/
* [13/Apr/2021:18:13:55 +0000] GET /products/607490fdb2f1f81d719eb9f7 HTTP/1.1 http://localhost:3000/
* [13/Apr/2021:18:14:20 +0000] GET /products/607490fdb2f1f81d719eb9f7 HTTP/1.1 http://localhost:3000/
* [13/Apr/2021:18:14:29 +0000] GET /products/607490fdb2f1f81d719eb9f7 HTTP/1.1 http://localhost:3000/
* [13/Apr/2021:18:14:56 +0000] GET /products/607490fdb2f1f81d719eb9f7 HTTP/1.1 http://localhost:3000/
* [13/Apr/2021:18:14:58 +0000] GET /products/607490fdb2f1f81d719eb9f7 HTTP/1.1 http://localhost:3000/
* [13/Apr/2021:18:16:38 +0000] GET /products/607490fdb2f1f81d719eb9f7 HTTP/1.1 http://localhost:3000/
* [13/Apr/2021:18:17:23 +0000] GET /products/607490fdb2f1f81d719eb9f7 HTTP/1.1 http://localhost:3000/
* [13/Apr/2021:18:17:38 +0000] GET /products/607490fdb2f1f81d719eb9f7 HTTP/1.1 http://localhost:3000/
* [13/Apr/2021:18:17:43 +0000] GET /products/607490fdb2f1f81d719eb9f7 HTTP/1.1 http://localhost:3000/
* [13/Apr/2021:18:17:50 +0000] GET /products/607490fdb2f1f81d719eb9f7 HTTP/1.1 http://localhost:3000/
* [13/Apr/2021:18:17:54 +0000] GET /products/607490fdb2f1f81d719eb9f7 HTTP/1.1 http://localhost:3000/
* [13/Apr/2021:18:17:58 +0000] GET /products/607490fdb2f1f81d719eb9f7 HTTP/1.1 http://localhost:3000/
* [13/Apr/2021:18:18:00 +0000] GET /products/607490fdb2f1f81d719eb9f7 HTTP/1.1 http://localhost:3000/
* [13/Apr/2021:18:18:02 +0000] GET /products/607490fdb2f1f81d719eb9f7 HTTP/1.1 http://localhost:3000/
* [13/Apr/2021:18:18:08 +0000] GET /products/607490fdb2f1f81d719eb9f7 HTTP/1.1 http://localhost:3000/
* [13/Apr/2021:18:18:13 +0000] GET /products/607490fdb2f1f81d719eb9f7 HTTP/1.1 http://localhost:3000/
* [13/Apr/2021:18:18:14 +0000] GET /products/607490fdb2f1f81d719eb9f7 HTTP/1.1 http://localhost:3000/
* [13/Apr/2021:18:18:28 +0000] GET /products/607490fdb2f1f81d719eb9f7 HTTP/1.1 http://localhost:3000/
* [13/Apr/2021:18:18:36 +0000] GET /products/607490fdb2f1f81d719eb9f7 HTTP/1.1 http://localhost:3000/
* [13/Apr/2021:18:18:42 +0000] GET /products/607490fdb2f1f81d719eb9f7 HTTP/1.1 http://localhost:3000/
* [13/Apr/2021:18:19:07 +0000] GET /products/607490fdb2f1f81d719eb9f7 HTTP/1.1 http://localhost:3000/
* [13/Apr/2021:18:19:10 +0000] DELETE /reviews/6075d90e268c3c06e4122427 HTTP/1.1 http://localhost:3000/
* [13/Apr/2021:18:19:10 +0000] GET /products/607490fdb2f1f81d719eb9f7 HTTP/1.1 http://localhost:3000/
* [13/Apr/2021:18:20:43 +0000] DELETE /reviews/6075d90e268c3c06e4122427 HTTP/1.1 http://localhost:3000/
* [13/Apr/2021:18:20:45 +0000] GET /products/607490fdb2f1f81d719eb9f7 HTTP/1.1 http://localhost:3000/
* [13/Apr/2021:18:22:41 +0000] GET /products/607490fdb2f1f81d719eb9f7 HTTP/1.1 http://localhost:3000/
* [13/Apr/2021:18:22:42 +0000] GET /products/607490fdb2f1f81d719eb9f7 HTTP/1.1 http://localhost:3000/
* [13/Apr/2021:18:22:47 +0000] DELETE /reviews/6075d90e268c3c06e4122427 HTTP/1.1 http://localhost:3000/
* [13/Apr/2021:18:22:47 +0000] GET /products/607490fdb2f1f81d719eb9f7 HTTP/1.1 http://localhost:3000/
* [13/Apr/2021:18:41:53 +0000] GET /products/607490fdb2f1f81d719eb9f7 HTTP/1.1 http://localhost:3000/
* [13/Apr/2021:18:41:53 +0000] DELETE /reviews/6075d90e268c3c06e4122427 HTTP/1.1 http://localhost:3000/
* [13/Apr/2021:18:47:53 +0000] GET /products/607490fdb2f1f81d719eb9f7 HTTP/1.1 http://localhost:3000/
* [13/Apr/2021:18:47:53 +0000] DELETE /reviews/6075d90e268c3c06e4122427 HTTP/1.1 http://localhost:3000/
* [13/Apr/2021:18:47:58 +0000] GET /products HTTP/1.1 http://localhost:3000/
* [13/Apr/2021:18:48:01 +0000] GET /products/607490fdb2f1f81d719eb9f7 HTTP/1.1 http://localhost:3000/
* [13/Apr/2021:18:53:33 +0000] DELETE /reviews/6075d90e268c3c06e4122427 HTTP/1.1 http://localhost:3000/
* [13/Apr/2021:18:53:33 +0000] GET /products/607490fdb2f1f81d719eb9f7 HTTP/1.1 http://localhost:3000/
* [13/Apr/2021:18:55:37 +0000] DELETE /reviews/6075d90e268c3c06e4122427 HTTP/1.1 http://localhost:3000/
* [13/Apr/2021:18:55:37 +0000] GET /products/607490fdb2f1f81d719eb9f7 HTTP/1.1 http://localhost:3000/
* [13/Apr/2021:18:56:40 +0000] GET /products/607490fdb2f1f81d719eb9f7 HTTP/1.1 http://localhost:3000/
* [13/Apr/2021:18:56:40 +0000] DELETE /reviews/6075d90e268c3c06e4122427 HTTP/1.1 http://localhost:3000/
* [13/Apr/2021:18:58:59 +0000] GET /products HTTP/1.1 http://localhost:3000/
* [13/Apr/2021:18:59:02 +0000] GET /products/607490fdb2f1f81d719eb9f7 HTTP/1.1 http://localhost:3000/
* [13/Apr/2021:18:59:05 +0000] GET /products/607490fdb2f1f81d719eb9f7 HTTP/1.1 http://localhost:3000/
* [13/Apr/2021:18:59:05 +0000] DELETE /reviews/6075d8fa268c3c06e4122426 HTTP/1.1 http://localhost:3000/
* [13/Apr/2021:19:00:08 +0000] GET /products/607490fdb2f1f81d719eb9f7 HTTP/1.1 http://localhost:3000/
* [13/Apr/2021:19:00:14 +0000] GET /products/607490fdb2f1f81d719eb9f7 HTTP/1.1 http://localhost:3000/
* [13/Apr/2021:19:00:15 +0000] GET /products/607490fdb2f1f81d719eb9f7 HTTP/1.1 http://localhost:3000/
* [13/Apr/2021:19:00:28 +0000] GET /products/607490fdb2f1f81d719eb9f7 HTTP/1.1 http://localhost:3000/
* [13/Apr/2021:19:00:35 +0000] GET /products/607490fdb2f1f81d719eb9f7 HTTP/1.1 http://localhost:3000/
* [13/Apr/2021:19:00:35 +0000] DELETE /reviews/6075d7b3268c3c06e4122425 HTTP/1.1 http://localhost:3000/
* [13/Apr/2021:19:00:51 +0000] GET /products/607490fdb2f1f81d719eb9f7 HTTP/1.1 http://localhost:3000/
* [13/Apr/2021:19:00:55 +0000] GET /products/607490fdb2f1f81d719eb9f7 HTTP/1.1 http://localhost:3000/
* [13/Apr/2021:19:01:01 +0000] DELETE /reviews/6075d796268c3c06e4122424 HTTP/1.1 http://localhost:3000/
* [13/Apr/2021:19:01:02 +0000] GET /products/607490fdb2f1f81d719eb9f7 HTTP/1.1 http://localhost:3000/
* [13/Apr/2021:19:01:34 +0000] GET /products/607490fdb2f1f81d719eb9f7 HTTP/1.1 http://localhost:3000/
* [13/Apr/2021:19:01:39 +0000] GET /products HTTP/1.1 http://localhost:3000/
* [13/Apr/2021:19:01:41 +0000] GET /products/6075e1845e3b9d20faaeab1c HTTP/1.1 http://localhost:3000/
* [13/Apr/2021:19:01:44 +0000] GET /products HTTP/1.1 http://localhost:3000/
* [13/Apr/2021:19:01:45 +0000] GET /products/6075e1845e3b9d20faaeab1c HTTP/1.1 http://localhost:3000/
* [13/Apr/2021:19:01:48 +0000] GET /products HTTP/1.1 http://localhost:3000/
* [13/Apr/2021:19:01:50 +0000] GET /products/607490fdb2f1f81d719eb9f7 HTTP/1.1 http://localhost:3000/
* [13/Apr/2021:19:02:34 +0000] GET /products/607490fdb2f1f81d719eb9f7 HTTP/1.1 http://localhost:3000/
* [13/Apr/2021:19:03:07 +0000] GET /products/607490fdb2f1f81d719eb9f7 HTTP/1.1 http://localhost:3000/
* [13/Apr/2021:19:03:17 +0000] GET /products/607490fdb2f1f81d719eb9f7 HTTP/1.1 http://localhost:3000/
* [13/Apr/2021:19:03:21 +0000] GET /products/607490fdb2f1f81d719eb9f7 HTTP/1.1 http://localhost:3000/
* [13/Apr/2021:19:11:16 +0000] GET /products/607490fdb2f1f81d719eb9f7 HTTP/1.1 http://localhost:3000/
* [13/Apr/2021:19:11:59 +0000] POST /auth/login HTTP/1.1 http://localhost:3000/
* [13/Apr/2021:19:12:00 +0000] GET /products HTTP/1.1 http://localhost:3000/
* [13/Apr/2021:19:12:01 +0000] GET /products/607490fdb2f1f81d719eb9f7 HTTP/1.1 http://localhost:3000/
* [13/Apr/2021:19:12:19 +0000] GET /products/607490fdb2f1f81d719eb9f7 HTTP/1.1 http://localhost:3000/
* [13/Apr/2021:19:12:33 +0000] GET /products/607490fdb2f1f81d719eb9f7 HTTP/1.1 http://localhost:3000/
* [13/Apr/2021:19:20:40 +0000] GET /reviews/6075d988268c3c06e4122428 HTTP/1.1 http://localhost:3000/
* [13/Apr/2021:19:20:49 +0000] POST /auth/login HTTP/1.1 http://localhost:3000/
* [13/Apr/2021:19:20:50 +0000] GET /products HTTP/1.1 http://localhost:3000/
* [13/Apr/2021:19:20:51 +0000] GET /products/607490fdb2f1f81d719eb9f7 HTTP/1.1 http://localhost:3000/
* [13/Apr/2021:19:20:54 +0000] GET /reviews/6075d988268c3c06e4122428 HTTP/1.1 http://localhost:3000/
* [13/Apr/2021:19:29:59 +0000] GET /products/607490fdb2f1f81d719eb9f7 HTTP/1.1 http://localhost:3000/
* [13/Apr/2021:19:29:59 +0000] GET /reviews/6075d988268c3c06e4122428 HTTP/1.1 http://localhost:3000/
* [13/Apr/2021:19:30:23 +0000] GET /products/607490fdb2f1f81d719eb9f7 HTTP/1.1 http://localhost:3000/
* [13/Apr/2021:19:30:24 +0000] GET /reviews/6075d781268c3c06e4122423 HTTP/1.1 http://localhost:3000/
* [13/Apr/2021:19:33:42 +0000] GET /products/607490fdb2f1f81d719eb9f7 HTTP/1.1 http://localhost:3000/
* [13/Apr/2021:19:33:44 +0000] GET /reviews/6075d988268c3c06e4122428 HTTP/1.1 http://localhost:3000/
* [13/Apr/2021:19:33:53 +0000] POST /auth/login HTTP/1.1 http://localhost:3000/
* [13/Apr/2021:19:33:56 +0000] GET /products HTTP/1.1 http://localhost:3000/
* [13/Apr/2021:19:34:00 +0000] GET /products/607490fdb2f1f81d719eb9f7 HTTP/1.1 http://localhost:3000/
* [13/Apr/2021:19:34:04 +0000] GET /reviews/6075d988268c3c06e4122428 HTTP/1.1 http://localhost:3000/
* [13/Apr/2021:19:50:48 +0000] GET /products/607490fdb2f1f81d719eb9f7 HTTP/1.1 http://localhost:3000/
* [13/Apr/2021:20:15:26 +0000] POST /auth/login HTTP/1.1 http://localhost:3000/
* [13/Apr/2021:20:15:31 +0000] GET /products HTTP/1.1 http://localhost:3000/
* [13/Apr/2021:20:15:32 +0000] GET /products/607490fdb2f1f81d719eb9f7 HTTP/1.1 http://localhost:3000/
* [13/Apr/2021:20:15:36 +0000] GET /reviews/6075d988268c3c06e4122428 HTTP/1.1 http://localhost:3000/
* [13/Apr/2021:20:17:14 +0000] POST /auth/login HTTP/1.1 http://localhost:3000/
* [13/Apr/2021:20:17:15 +0000] GET /products HTTP/1.1 http://localhost:3000/
* [13/Apr/2021:20:17:17 +0000] GET /products/607490fdb2f1f81d719eb9f7 HTTP/1.1 http://localhost:3000/
* [13/Apr/2021:20:17:36 +0000] GET /reviews/6075d988268c3c06e4122428 HTTP/1.1 http://localhost:3000/
* [13/Apr/2021:20:18:26 +0000] GET /reviews/6075d988268c3c06e4122428 HTTP/1.1 http://localhost:3000/
* [13/Apr/2021:20:18:28 +0000] GET /products/607490fdb2f1f81d719eb9f7 HTTP/1.1 http://localhost:3000/
* [13/Apr/2021:20:19:01 +0000] GET /reviews/6075d988268c3c06e4122428 HTTP/1.1 http://localhost:3000/
* [13/Apr/2021:20:26:31 +0000] GET /reviews/6075d988268c3c06e4122428 HTTP/1.1 http://localhost:3000/
* [13/Apr/2021:20:26:36 +0000] POST /auth/login HTTP/1.1 http://localhost:3000/
* [13/Apr/2021:20:26:37 +0000] GET /products HTTP/1.1 http://localhost:3000/
* [13/Apr/2021:20:26:38 +0000] GET /products/607490fdb2f1f81d719eb9f7 HTTP/1.1 http://localhost:3000/
* [13/Apr/2021:20:26:44 +0000] GET /reviews/6075d988268c3c06e4122428 HTTP/1.1 http://localhost:3000/
* [13/Apr/2021:20:31:34 +0000] POST /auth/login HTTP/1.1 http://localhost:3000/
* [13/Apr/2021:20:31:36 +0000] GET /products HTTP/1.1 http://localhost:3000/
* [13/Apr/2021:20:31:37 +0000] GET /products/607490fdb2f1f81d719eb9f7 HTTP/1.1 http://localhost:3000/
* [13/Apr/2021:20:31:41 +0000] GET /reviews/6075d988268c3c06e4122428 HTTP/1.1 http://localhost:3000/
* [13/Apr/2021:20:32:31 +0000] POST /auth/login HTTP/1.1 http://localhost:3000/
* [13/Apr/2021:20:32:32 +0000] GET /products HTTP/1.1 http://localhost:3000/
* [13/Apr/2021:20:32:34 +0000] GET /products/607490fdb2f1f81d719eb9f7 HTTP/1.1 http://localhost:3000/
* [13/Apr/2021:20:32:39 +0000] GET /reviews/6075d988268c3c06e4122428 HTTP/1.1 http://localhost:3000/
* [13/Apr/2021:20:36:44 +0000] GET /products HTTP/1.1 http://localhost:3000/
* [13/Apr/2021:20:36:45 +0000] GET /products/607490fdb2f1f81d719eb9f7 HTTP/1.1 http://localhost:3000/
* [13/Apr/2021:20:36:49 +0000] GET /reviews/6075d988268c3c06e4122428 HTTP/1.1 http://localhost:3000/
* [13/Apr/2021:20:39:48 +0000] GET /products HTTP/1.1 http://localhost:3000/
* [13/Apr/2021:20:39:49 +0000] GET /products/607490fdb2f1f81d719eb9f7 HTTP/1.1 http://localhost:3000/
* [13/Apr/2021:20:39:53 +0000] GET /reviews/6075d988268c3c06e4122428 HTTP/1.1 http://localhost:3000/
* [13/Apr/2021:20:41:21 +0000] POST /auth/login HTTP/1.1 http://localhost:3000/
* [13/Apr/2021:20:41:22 +0000] GET /products HTTP/1.1 http://localhost:3000/
* [13/Apr/2021:20:41:23 +0000] GET /products/607490fdb2f1f81d719eb9f7 HTTP/1.1 http://localhost:3000/
* [13/Apr/2021:20:41:27 +0000] GET /reviews/6075d988268c3c06e4122428 HTTP/1.1 http://localhost:3000/
* [13/Apr/2021:20:42:10 +0000] GET /products/607490fdb2f1f81d719eb9f7 HTTP/1.1 http://localhost:3000/
* [13/Apr/2021:20:42:13 +0000] GET /reviews/6075d988268c3c06e4122428 HTTP/1.1 http://localhost:3000/
* [13/Apr/2021:20:44:01 +0000] GET /products HTTP/1.1 http://localhost:3000/
* [13/Apr/2021:20:44:01 +0000] GET /reviews/6075d988268c3c06e4122428 HTTP/1.1 http://localhost:3000/
* [13/Apr/2021:20:46:21 +0000] GET /products/607490fdb2f1f81d719eb9f7 HTTP/1.1 http://localhost:3000/
* [13/Apr/2021:20:46:21 +0000] GET /reviews/6075d988268c3c06e4122428 HTTP/1.1 http://localhost:3000/
* [13/Apr/2021:20:46:44 +0000] GET /products/607490fdb2f1f81d719eb9f7 HTTP/1.1 http://localhost:3000/
* [13/Apr/2021:20:46:45 +0000] GET /reviews/6075d988268c3c06e4122428 HTTP/1.1 http://localhost:3000/
* [13/Apr/2021:20:47:12 +0000] GET /products/607490fdb2f1f81d719eb9f7 HTTP/1.1 http://localhost:3000/
* [13/Apr/2021:20:47:13 +0000] GET /reviews/6075d988268c3c06e4122428 HTTP/1.1 http://localhost:3000/
* [13/Apr/2021:20:51:37 +0000] GET /products HTTP/1.1 http://localhost:3000/
* [13/Apr/2021:20:51:37 +0000] GET /products/607490fdb2f1f81d719eb9f7 HTTP/1.1 http://localhost:3000/
* [13/Apr/2021:20:51:37 +0000] GET /reviews/6075d988268c3c06e4122428 HTTP/1.1 http://localhost:3000/
* [13/Apr/2021:20:52:24 +0000] GET /products HTTP/1.1 http://localhost:3000/
* [13/Apr/2021:20:52:25 +0000] GET /products/607490fdb2f1f81d719eb9f7 HTTP/1.1 http://localhost:3000/
* [13/Apr/2021:20:52:26 +0000] GET /reviews/6075d988268c3c06e4122428 HTTP/1.1 http://localhost:3000/
* [13/Apr/2021:20:55:07 +0000] GET /products HTTP/1.1 http://localhost:3000/
* [13/Apr/2021:20:55:07 +0000] GET /products/607490fdb2f1f81d719eb9f7 HTTP/1.1 http://localhost:3000/
* [13/Apr/2021:20:55:31 +0000] GET /reviews/6075d988268c3c06e4122428 HTTP/1.1 http://localhost:3000/
